-------------------------------------------------------------------------------
Test set: stepDef.RunnerTest
-------------------------------------------------------------------------------
Tests run: 6, Failures: 1, Errors: 0, Skipped: 0, Time elapsed: 22.366 s <<< FAILURE! - in stepDef.RunnerTest
Positive Scenario(Inventory Page)  Time elapsed: 5.576 s  <<< FAILURE!
junit.framework.ComparisonFailure: expected:<[]> but was:<[Sauce Labs Backpack]>

