<?xml version="1.0" encoding="UTF-8"?>
<testsuite xmlns:xsi="http://www.w3.org/2001/XMLSchema-instance" xsi:noNamespaceSchemaLocation="https://maven.apache.org/surefire/maven-surefire-plugin/xsd/surefire-test-report.xsd" name="stepDef.RunnerTest" time="22.366" tests="6" errors="0" skipped="0" failures="1">
  <properties>
[...]
</properties>
  <testcase name="Positive Scenario" classname="Inventory Page" time="5.576">
    <failure message="expected:&lt;[]&gt; but was:&lt;[Sauce Labs Backpack]&gt;" type="junit.framework.ComparisonFailure"><![CDATA[junit.framework.ComparisonFailure: expected:<[]> but was:<[Sauce Labs Backpack]>
]]></failure>
    <system-out><![CDATA[
@InventoryPage @tag1
Scenario: Positive Scenario     &amp#27;[90m# src/test/resources/Features/Inventory.feature:5&amp#27;[0m
Called openBrowser
  &amp#27;[32mGiven &amp#27;[0m&amp#27;[32muser login&amp#27;[0m              &amp#27;[90m# stepDef.InventoryStep.user_login()&amp#27;[0m
  &amp#27;[32mWhen &amp#27;[0m&amp#27;[32muser select item&amp#27;[0m         &amp#27;[90m# stepDef.InventoryStep.user_select_item()&amp#27;[0m
  &amp#27;[31mThen &amp#27;[0m&amp#27;[31muser direct to item page&amp#27;[0m &amp#27;[90m# stepDef.InventoryStep.user_direct_to_item_page()&amp#27;[0m
      &amp#27;[31mjunit.framework.ComparisonFailure: expected:<[]> but was:<[Sauce Labs Backpack]>
	at junit.framework.Assert.assertEquals(Assert.java:100)
	at junit.framework.Assert.assertEquals(Assert.java:107)
	at stepDef.InventoryStep.user_direct_to_item_page(InventoryStep.java:50)
	at ✽.user direct to item page(file:///Users/nafihermawan/eclipse-workspace/saucedemo-cucumber/src/test/resources/Features/Inventory.feature:8)
&amp#27;[0m
]]></system-out>
    <system-err><![CDATA[Starting ChromeDriver 114.0.5735.90 (386bc09e8f4f2e025eddae123f36f6263096ae49-refs/branch-heads/5735@{#1052}) on port 34663
Only local connections are allowed.
Please see https://chromedriver.chromium.org/security-considerations for suggestions on keeping ChromeDriver safe.
ChromeDriver was started successfully.
[1691640840.413][WARNING]: This version of ChromeDriver has not been tested with Chrome version 115.
Aug 10, 2023 11:14:00 AM org.openqa.selenium.remote.ProtocolHandshake createSession
INFO: Detected dialect: W3C
]]></system-err>
  </testcase>
  <testcase name="Login dengan mengosongkan username dan password" classname="Title of your feature" time="3.261"/>
  <testcase name="Positive login" classname="Title of your feature" time="3.947"/>
  <testcase name="Login dengan mengosongkan username" classname="Title of your feature" time="2.85"/>
  <testcase name="Login dengan mengosongkan password" classname="Title of your feature" time="2.834"/>
  <testcase name="Login dengan mengisi password yang tidak terdaftar" classname="Title of your feature" time="3.474"/>
</testsuite>